#
# There is insufficient memory for the Java Runtime Environment to continue.
# Native memory allocation (malloc) failed to allocate 131088 bytes for Chunk::new
# Possible reasons:
#   The system is out of physical RAM or swap space
#   The process is running with CompressedOops enabled, and the Java Heap may be blocking the growth of the native heap
# Possible solutions:
#   Reduce memory load on the system
#   Increase physical memory or swap space
#   Check if swap backing store is full
#   Decrease Java heap size (-Xmx/-Xms)
#   Decrease number of Java threads
#   Decrease Java thread stack sizes (-Xss)
#   Set larger code cache with -XX:ReservedCodeCacheSize=
#   JVM is running with Unscaled Compressed Oops mode in which the Java heap is
#     placed in the first 4GB address space. The Java Heap base address is the
#     maximum limit for the native heap growth. Please use -XX:HeapBaseMinAddress
#     to set the Java Heap base and to place the Java Heap above 4GB virtual address.
# This output file may be truncated or incomplete.
#
#  Out of Memory Error (arena.cpp:168), pid=23492, tid=13680
#
# JRE version: OpenJDK Runtime Environment (21.0.1+12) (build 21.0.1+12-29)
# Java VM: OpenJDK 64-Bit Server VM (21.0.1+12-29, mixed mode, sharing, tiered, compressed oops, compressed class ptrs, g1 gc, windows-amd64)
# No core dump will be written. Minidumps are not enabled by default on client versions of Windows
#

---------------  S U M M A R Y ------------

Command Line: -javaagent:C:\Program Files\JetBrains\IntelliJ IDEA Community Edition 2023.2.4\lib\idea_rt.jar=61308:C:\Program Files\JetBrains\IntelliJ IDEA Community Edition 2023.2.4\bin -Dfile.encoding=UTF-8 -Dsun.stdout.encoding=UTF-8 -Dsun.stderr.encoding=UTF-8 com.example.SpringFinanzasPersonales.SpringFinanzasPersonalesApplication

Host: AMD Ryzen 3 4300U with Radeon Graphics         , 4 cores, 3G,  Windows 11 , 64 bit Build 22621 (10.0.22621.4391)
Time: Wed Dec 18 22:38:51 2024 Hora est. Pacífico, Sudamérica elapsed time: 8.529282 seconds (0d 0h 0m 8s)

---------------  T H R E A D  ---------------

Current thread (0x00000276005bb150):  JavaThread "C2 CompilerThread0" daemon [_thread_in_native, id=13680, stack(0x0000009c9c800000,0x0000009c9c900000) (1024K)]


Current CompileTask:
C2:   8529 4144   !   4       jdk.internal.loader.BuiltinClassLoader::findClassOnClassPathOrNull (64 bytes)

Stack: [0x0000009c9c800000,0x0000009c9c900000]
Native frames: (J=compiled Java code, j=interpreted, Vv=VM code, C=native code)
V  [jvm.dll+0x6c9029]
V  [jvm.dll+0x854b81]
V  [jvm.dll+0x856e5e]
V  [jvm.dll+0x857543]
V  [jvm.dll+0x280c06]
V  [jvm.dll+0xc3ead]
V  [jvm.dll+0xc43c3]
V  [jvm.dll+0xc3fd5]
V  [jvm.dll+0x6a5c9c]
V  [jvm.dll+0x251309]
V  [jvm.dll+0x6ee93c]
V  [jvm.dll+0x24ae38]
V  [jvm.dll+0x248fa3]
V  [jvm.dll+0x1c9ca1]
V  [jvm.dll+0x2586b9]
V  [jvm.dll+0x256c9a]
V  [jvm.dll+0x3ef1b6]
V  [jvm.dll+0x7fd728]
V  [jvm.dll+0x6c777d]
C  [ucrtbase.dll+0x29333]
C  [KERNEL32.DLL+0x1259d]
C  [ntdll.dll+0x5af38]


---------------  P R O C E S S  ---------------

Threads class SMR info:
_java_thread_list=0x0000027647b87270, length=16, elements={
0x0000027665b903f0, 0x00000276005aa0e0, 0x00000276005ab000, 0x00000276005ac9a0,
0x00000276005b0420, 0x00000276005b8e90, 0x00000276005bdb90, 0x00000276005bb150,
0x00000276005cbe70, 0x00000276005bbac0, 0x00000276005be220, 0x00000276005bef40,
0x00000276005bd500, 0x00000276005be8b0, 0x000002764863a400, 0x000002764863cb60
}

Java Threads: ( => current thread )
  0x0000027665b903f0 JavaThread "main"                              [_thread_in_Java, id=21160, stack(0x0000009c9ba00000,0x0000009c9bb00000) (1024K)]
  0x00000276005aa0e0 JavaThread "Reference Handler"          daemon [_thread_blocked, id=24092, stack(0x0000009c9c200000,0x0000009c9c300000) (1024K)]
  0x00000276005ab000 JavaThread "Finalizer"                  daemon [_thread_blocked, id=23748, stack(0x0000009c9c300000,0x0000009c9c400000) (1024K)]
  0x00000276005ac9a0 JavaThread "Signal Dispatcher"          daemon [_thread_blocked, id=13952, stack(0x0000009c9c400000,0x0000009c9c500000) (1024K)]
  0x00000276005b0420 JavaThread "Attach Listener"            daemon [_thread_blocked, id=17028, stack(0x0000009c9c500000,0x0000009c9c600000) (1024K)]
  0x00000276005b8e90 JavaThread "Service Thread"             daemon [_thread_blocked, id=23704, stack(0x0000009c9c600000,0x0000009c9c700000) (1024K)]
  0x00000276005bdb90 JavaThread "Monitor Deflation Thread"   daemon [_thread_blocked, id=22652, stack(0x0000009c9c700000,0x0000009c9c800000) (1024K)]
=>0x00000276005bb150 JavaThread "C2 CompilerThread0"         daemon [_thread_in_native, id=13680, stack(0x0000009c9c800000,0x0000009c9c900000) (1024K)]
  0x00000276005cbe70 JavaThread "C1 CompilerThread0"         daemon [_thread_blocked, id=3308, stack(0x0000009c9c900000,0x0000009c9ca00000) (1024K)]
  0x00000276005bbac0 JavaThread "Common-Cleaner"             daemon [_thread_blocked, id=18568, stack(0x0000009c9ca00000,0x0000009c9cb00000) (1024K)]
  0x00000276005be220 JavaThread "Monitor Ctrl-Break"         daemon [_thread_in_native, id=23968, stack(0x0000009c9cb00000,0x0000009c9cc00000) (1024K)]
  0x00000276005bef40 JavaThread "Notification Thread"        daemon [_thread_blocked, id=23356, stack(0x0000009c9cc00000,0x0000009c9cd00000) (1024K)]
  0x00000276005bd500 JavaThread "Catalina-utility-1"                [_thread_blocked, id=17112, stack(0x0000009c9d000000,0x0000009c9d100000) (1024K)]
  0x00000276005be8b0 JavaThread "Catalina-utility-2"                [_thread_blocked, id=23064, stack(0x0000009c9d100000,0x0000009c9d200000) (1024K)]
  0x000002764863a400 JavaThread "container-0"                       [_thread_blocked, id=12988, stack(0x0000009c9d200000,0x0000009c9d300000) (1024K)]
  0x000002764863cb60 JavaThread "mysql-cj-abandoned-connection-cleanup" daemon [_thread_blocked, id=24476, stack(0x0000009c9d300000,0x0000009c9d400000) (1024K)]
Total: 16

Other Threads:
  0x000002760058f120 VMThread "VM Thread"                           [id=23852, stack(0x0000009c9c100000,0x0000009c9c200000) (1024K)]
  0x0000027600575fe0 WatcherThread "VM Periodic Task Thread"        [id=23576, stack(0x0000009c9c000000,0x0000009c9c100000) (1024K)]
  0x0000027665bc45b0 WorkerThread "GC Thread#0"                     [id=23584, stack(0x0000009c9bb00000,0x0000009c9bc00000) (1024K)]
  0x000002764662a890 WorkerThread "GC Thread#1"                     [id=19108, stack(0x0000009c9cd00000,0x0000009c9ce00000) (1024K)]
  0x00000276466dd470 WorkerThread "GC Thread#2"                     [id=23756, stack(0x0000009c9ce00000,0x0000009c9cf00000) (1024K)]
  0x00000276466dd810 WorkerThread "GC Thread#3"                     [id=23888, stack(0x0000009c9cf00000,0x0000009c9d000000) (1024K)]
  0x0000027665bcd160 ConcurrentGCThread "G1 Main Marker"            [id=12020, stack(0x0000009c9bc00000,0x0000009c9bd00000) (1024K)]
  0x0000027665bcdc60 WorkerThread "G1 Conc#0"                       [id=24240, stack(0x0000009c9bd00000,0x0000009c9be00000) (1024K)]
  0x0000027665c48f40 ConcurrentGCThread "G1 Refine#0"               [id=23960, stack(0x0000009c9be00000,0x0000009c9bf00000) (1024K)]
  0x0000027665c49ab0 ConcurrentGCThread "G1 Service"                [id=22680, stack(0x0000009c9bf00000,0x0000009c9c000000) (1024K)]
Total: 10

Threads with active compile tasks:
C2 CompilerThread0     8569 4144   !   4       jdk.internal.loader.BuiltinClassLoader::findClassOnClassPathOrNull (64 bytes)
Total: 1

VM state: not at safepoint (normal execution)

VM Mutex/Monitor currently owned by a thread: None

Heap address: 0x00000000ca200000, size: 862 MB, Compressed Oops mode: 32-bit

CDS archive(s) mapped at: [0x0000027601000000-0x0000027601c90000-0x0000027601c90000), size 13172736, SharedBaseAddress: 0x0000027601000000, ArchiveRelocationMode: 1.
Compressed class space mapped at: 0x0000027602000000-0x0000027642000000, reserved size: 1073741824
Narrow klass base: 0x0000027601000000, Narrow klass shift: 0, Narrow klass range: 0x100000000

GC Precious Log:
 CardTable entry size: 512
 Card Set container configuration: InlinePtr #cards 5 size 8 Array Of Cards #cards 12 size 40 Howl #buckets 4 coarsen threshold 1843 Howl Bitmap #cards 512 size 80 coarsen threshold 460 Card regions per heap region 1 cards per card region 2048
 CPUs: 4 total, 4 available
 Memory: 3447M
 Large Page Support: Disabled
 NUMA Support: Disabled
 Compressed Oops: Enabled (32-bit)
 Heap Region Size: 1M
 Heap Min Capacity: 8M
 Heap Initial Capacity: 54M
 Heap Max Capacity: 862M
 Pre-touch: Disabled
 Parallel Workers: 4
 Concurrent Workers: 1
 Concurrent Refinement Workers: 4
 Periodic GC: Disabled

Heap:
 garbage-first heap   total 55296K, used 23090K [0x00000000ca200000, 0x0000000100000000)
  region size 1024K, 7 young (7168K), 2 survivors (2048K)
 Metaspace       used 36514K, committed 37056K, reserved 1114112K
  class space    used 4817K, committed 5056K, reserved 1048576K

Heap Regions: E=young(eden), S=young(survivor), O=old, HS=humongous(starts), HC=humongous(continues), CS=collection set, F=free, TAMS=top-at-mark-start, PB=parsable bottom
|   0|0x00000000ca200000, 0x00000000ca300000, 0x00000000ca300000|100%|HS|  |TAMS 0x00000000ca200000| PB 0x00000000ca200000| Complete 
|   1|0x00000000ca300000, 0x00000000ca400000, 0x00000000ca400000|100%|HS|  |TAMS 0x00000000ca300000| PB 0x00000000ca300000| Complete 
|   2|0x00000000ca400000, 0x00000000ca500000, 0x00000000ca500000|100%| O|  |TAMS 0x00000000ca400000| PB 0x00000000ca400000| Untracked 
|   3|0x00000000ca500000, 0x00000000ca600000, 0x00000000ca600000|100%| O|  |TAMS 0x00000000ca500000| PB 0x00000000ca500000| Untracked 
|   4|0x00000000ca600000, 0x00000000ca700000, 0x00000000ca700000|100%| O|  |TAMS 0x00000000ca600000| PB 0x00000000ca600000| Untracked 
|   5|0x00000000ca700000, 0x00000000ca800000, 0x00000000ca800000|100%| O|  |TAMS 0x00000000ca700000| PB 0x00000000ca700000| Untracked 
|   6|0x00000000ca800000, 0x00000000ca900000, 0x00000000ca900000|100%| O|  |TAMS 0x00000000ca800000| PB 0x00000000ca800000| Untracked 
|   7|0x00000000ca900000, 0x00000000caa00000, 0x00000000caa00000|100%| O|  |TAMS 0x00000000ca900000| PB 0x00000000ca900000| Untracked 
|   8|0x00000000caa00000, 0x00000000cab00000, 0x00000000cab00000|100%| O|  |TAMS 0x00000000caa00000| PB 0x00000000caa00000| Untracked 
|   9|0x00000000cab00000, 0x00000000cac00000, 0x00000000cac00000|100%| O|Cm|TAMS 0x00000000cab00000| PB 0x00000000cab00000| Complete 
|  10|0x00000000cac00000, 0x00000000cad00000, 0x00000000cad00000|100%| O|  |TAMS 0x00000000cac00000| PB 0x00000000cac00000| Untracked 
|  11|0x00000000cad00000, 0x00000000cae00000, 0x00000000cae00000|100%| O|  |TAMS 0x00000000cad00000| PB 0x00000000cad00000| Untracked 
|  12|0x00000000cae00000, 0x00000000caf00000, 0x00000000caf00000|100%| O|  |TAMS 0x00000000cae00000| PB 0x00000000cae00000| Untracked 
|  13|0x00000000caf00000, 0x00000000caf00000, 0x00000000cb000000|  0%| F|  |TAMS 0x00000000caf00000| PB 0x00000000caf00000| Untracked 
|  14|0x00000000cb000000, 0x00000000cb100000, 0x00000000cb100000|100%| O|  |TAMS 0x00000000cb000000| PB 0x00000000cb000000| Untracked 
|  15|0x00000000cb100000, 0x00000000cb200000, 0x00000000cb200000|100%| O|  |TAMS 0x00000000cb100000| PB 0x00000000cb100000| Untracked 
|  16|0x00000000cb200000, 0x00000000cb300000, 0x00000000cb300000|100%| O|  |TAMS 0x00000000cb200000| PB 0x00000000cb200000| Untracked 
|  17|0x00000000cb300000, 0x00000000cb38ca80, 0x00000000cb400000| 54%| O|  |TAMS 0x00000000cb300000| PB 0x00000000cb300000| Untracked 
|  18|0x00000000cb400000, 0x00000000cb400000, 0x00000000cb500000|  0%| F|  |TAMS 0x00000000cb400000| PB 0x00000000cb400000| Untracked 
|  19|0x00000000cb500000, 0x00000000cb500000, 0x00000000cb600000|  0%| F|  |TAMS 0x00000000cb500000| PB 0x00000000cb500000| Untracked 
|  20|0x00000000cb600000, 0x00000000cb600000, 0x00000000cb700000|  0%| F|  |TAMS 0x00000000cb600000| PB 0x00000000cb600000| Untracked 
|  21|0x00000000cb700000, 0x00000000cb700000, 0x00000000cb800000|  0%| F|  |TAMS 0x00000000cb700000| PB 0x00000000cb700000| Untracked 
|  22|0x00000000cb800000, 0x00000000cb800000, 0x00000000cb900000|  0%| F|  |TAMS 0x00000000cb800000| PB 0x00000000cb800000| Untracked 
|  23|0x00000000cb900000, 0x00000000cb900000, 0x00000000cba00000|  0%| F|  |TAMS 0x00000000cb900000| PB 0x00000000cb900000| Untracked 
|  24|0x00000000cba00000, 0x00000000cba00000, 0x00000000cbb00000|  0%| F|  |TAMS 0x00000000cba00000| PB 0x00000000cba00000| Untracked 
|  25|0x00000000cbb00000, 0x00000000cbb00000, 0x00000000cbc00000|  0%| F|  |TAMS 0x00000000cbb00000| PB 0x00000000cbb00000| Untracked 
|  26|0x00000000cbc00000, 0x00000000cbc00000, 0x00000000cbd00000|  0%| F|  |TAMS 0x00000000cbc00000| PB 0x00000000cbc00000| Untracked 
|  27|0x00000000cbd00000, 0x00000000cbd00000, 0x00000000cbe00000|  0%| F|  |TAMS 0x00000000cbd00000| PB 0x00000000cbd00000| Untracked 
|  28|0x00000000cbe00000, 0x00000000cbe00000, 0x00000000cbf00000|  0%| F|  |TAMS 0x00000000cbe00000| PB 0x00000000cbe00000| Untracked 
|  29|0x00000000cbf00000, 0x00000000cbf00000, 0x00000000cc000000|  0%| F|  |TAMS 0x00000000cbf00000| PB 0x00000000cbf00000| Untracked 
|  30|0x00000000cc000000, 0x00000000cc000000, 0x00000000cc100000|  0%| F|  |TAMS 0x00000000cc000000| PB 0x00000000cc000000| Untracked 
|  31|0x00000000cc100000, 0x00000000cc100000, 0x00000000cc200000|  0%| F|  |TAMS 0x00000000cc100000| PB 0x00000000cc100000| Untracked 
|  32|0x00000000cc200000, 0x00000000cc200000, 0x00000000cc300000|  0%| F|  |TAMS 0x00000000cc200000| PB 0x00000000cc200000| Untracked 
|  33|0x00000000cc300000, 0x00000000cc300000, 0x00000000cc400000|  0%| F|  |TAMS 0x00000000cc300000| PB 0x00000000cc300000| Untracked 
|  34|0x00000000cc400000, 0x00000000cc400000, 0x00000000cc500000|  0%| F|  |TAMS 0x00000000cc400000| PB 0x00000000cc400000| Untracked 
|  35|0x00000000cc500000, 0x00000000cc500000, 0x00000000cc600000|  0%| F|  |TAMS 0x00000000cc500000| PB 0x00000000cc500000| Untracked 
|  36|0x00000000cc600000, 0x00000000cc600000, 0x00000000cc700000|  0%| F|  |TAMS 0x00000000cc600000| PB 0x00000000cc600000| Untracked 
|  37|0x00000000cc700000, 0x00000000cc700000, 0x00000000cc800000|  0%| F|  |TAMS 0x00000000cc700000| PB 0x00000000cc700000| Untracked 
|  38|0x00000000cc800000, 0x00000000cc800000, 0x00000000cc900000|  0%| F|  |TAMS 0x00000000cc800000| PB 0x00000000cc800000| Untracked 
|  39|0x00000000cc900000, 0x00000000cc900000, 0x00000000cca00000|  0%| F|  |TAMS 0x00000000cc900000| PB 0x00000000cc900000| Untracked 
|  40|0x00000000cca00000, 0x00000000cca00000, 0x00000000ccb00000|  0%| F|  |TAMS 0x00000000cca00000| PB 0x00000000cca00000| Untracked 
|  41|0x00000000ccb00000, 0x00000000ccb00000, 0x00000000ccc00000|  0%| F|  |TAMS 0x00000000ccb00000| PB 0x00000000ccb00000| Untracked 
|  42|0x00000000ccc00000, 0x00000000ccc00000, 0x00000000ccd00000|  0%| F|  |TAMS 0x00000000ccc00000| PB 0x00000000ccc00000| Untracked 
|  43|0x00000000ccd00000, 0x00000000ccd00000, 0x00000000cce00000|  0%| F|  |TAMS 0x00000000ccd00000| PB 0x00000000ccd00000| Untracked 
|  44|0x00000000cce00000, 0x00000000cce00000, 0x00000000ccf00000|  0%| F|  |TAMS 0x00000000cce00000| PB 0x00000000cce00000| Untracked 
|  45|0x00000000ccf00000, 0x00000000cd000000, 0x00000000cd000000|100%| S|CS|TAMS 0x00000000ccf00000| PB 0x00000000ccf00000| Complete 
|  46|0x00000000cd000000, 0x00000000cd100000, 0x00000000cd100000|100%| S|CS|TAMS 0x00000000cd000000| PB 0x00000000cd000000| Complete 
|  47|0x00000000cd100000, 0x00000000cd100000, 0x00000000cd200000|  0%| F|  |TAMS 0x00000000cd100000| PB 0x00000000cd100000| Untracked 
|  48|0x00000000cd200000, 0x00000000cd200000, 0x00000000cd300000|  0%| F|  |TAMS 0x00000000cd200000| PB 0x00000000cd200000| Untracked 
|  49|0x00000000cd300000, 0x00000000cd3803d8, 0x00000000cd400000| 50%| E|  |TAMS 0x00000000cd300000| PB 0x00000000cd300000| Complete 
|  50|0x00000000cd400000, 0x00000000cd500000, 0x00000000cd500000|100%| E|CS|TAMS 0x00000000cd400000| PB 0x00000000cd400000| Complete 
|  51|0x00000000cd500000, 0x00000000cd600000, 0x00000000cd600000|100%| E|CS|TAMS 0x00000000cd500000| PB 0x00000000cd500000| Complete 
|  52|0x00000000cd600000, 0x00000000cd700000, 0x00000000cd700000|100%| E|CS|TAMS 0x00000000cd600000| PB 0x00000000cd600000| Complete 
|  53|0x00000000cd700000, 0x00000000cd800000, 0x00000000cd800000|100%| E|CS|TAMS 0x00000000cd700000| PB 0x00000000cd700000| Complete 

Card table byte_map: [0x000002767cfd0000,0x000002767d180000] _byte_map_base: 0x000002767c97f000

Marking Bits: (CMBitMap*) 0x0000027665bc4cb0
 Bits: [0x000002767d180000, 0x000002767def8000)

Polling page: 0x0000027663b40000

Metaspace:

Usage:
  Non-class:     30.96 MB used.
      Class:      4.71 MB used.
       Both:     35.66 MB used.

Virtual space:
  Non-class space:       64.00 MB reserved,      31.25 MB ( 49%) committed,  1 nodes.
      Class space:        1.00 GB reserved,       4.94 MB ( <1%) committed,  1 nodes.
             Both:        1.06 GB reserved,      36.19 MB (  3%) committed. 

Chunk freelists:
   Non-Class:  15.97 MB
       Class:  10.88 MB
        Both:  26.84 MB

MaxMetaspaceSize: unlimited
CompressedClassSpaceSize: 1.00 GB
Initial GC threshold: 21.00 MB
Current GC threshold: 58.75 MB
CDS: on
 - commit_granule_bytes: 65536.
 - commit_granule_words: 8192.
 - virtual_space_node_default_size: 8388608.
 - enlarge_chunks_in_place: 1.
 - use_allocation_guard: 0.


Internal statistics:

num_allocs_failed_limit: 6.
num_arena_births: 696.
num_arena_deaths: 0.
num_vsnodes_births: 2.
num_vsnodes_deaths: 0.
num_space_committed: 579.
num_space_uncommitted: 0.
num_chunks_returned_to_freelist: 6.
num_chunks_taken_from_freelist: 2034.
num_chunk_merges: 3.
num_chunk_splits: 1395.
num_chunks_enlarged: 1007.
num_inconsistent_stats: 0.

CodeHeap 'non-profiled nmethods': size=120000Kb used=2017Kb max_used=2187Kb free=117982Kb
 bounds [0x0000027675aa0000, 0x0000027675d10000, 0x000002767cfd0000]
CodeHeap 'profiled nmethods': size=120000Kb used=7486Kb max_used=8354Kb free=112513Kb
 bounds [0x000002766dfd0000, 0x000002766e800000, 0x0000027675500000]
CodeHeap 'non-nmethods': size=5760Kb used=1491Kb max_used=1514Kb free=4268Kb
 bounds [0x0000027675500000, 0x0000027675770000, 0x0000027675aa0000]
 total_blobs=4315 nmethods=3745 adapters=474
 compilation: enabled
              stopped_count=0, restarted_count=0
 full_count=0

Compilation events (20 events):
Event: 8.432 Thread 0x00000276005cbe70 4136       3       net.bytebuddy.description.method.MethodDescription$ForLoadedMethod::getDeclaringType (14 bytes)
Event: 8.433 Thread 0x00000276005cbe70 nmethod 4136 0x000002766dfd9690 code [0x000002766dfd98a0, 0x000002766dfda0c8]
Event: 8.434 Thread 0x00000276005bb150 nmethod 4135 0x0000027675b54f10 code [0x0000027675b550c0, 0x0000027675b555d0]
Event: 8.436 Thread 0x00000276005cbe70 4137       3       net.bytebuddy.description.type.TypeDescription$AbstractBase::equals (60 bytes)
Event: 8.436 Thread 0x00000276005cbe70 nmethod 4137 0x000002766e09af90 code [0x000002766e09b1e0, 0x000002766e09ba88]
Event: 8.437 Thread 0x00000276005cbe70 4138       3       java.lang.invoke.DirectMethodHandle$Holder::invokeStatic (14 bytes)
Event: 8.437 Thread 0x00000276005cbe70 nmethod 4138 0x000002766e081d10 code [0x000002766e081ee0, 0x000002766e082310]
Event: 8.438 Thread 0x00000276005cbe70 4139       3       java.net.URL::<init> (7 bytes)
Event: 8.438 Thread 0x00000276005cbe70 nmethod 4139 0x000002766e1c2e10 code [0x000002766e1c2fc0, 0x000002766e1c3178]
Event: 8.438 Thread 0x00000276005cbe70 4140       3       net.bytebuddy.description.type.TypeDescription$Generic$LazyProjection$WithEagerNavigation$OfAnnotatedElement::<init> (5 bytes)
Event: 8.438 Thread 0x00000276005cbe70 nmethod 4140 0x000002766e217e10 code [0x000002766e217fe0, 0x000002766e2182c8]
Event: 8.438 Thread 0x00000276005cbe70 4141       3       net.bytebuddy.description.type.TypeDescription$Generic$LazyProjection$WithEagerNavigation::<init> (5 bytes)
Event: 8.438 Thread 0x00000276005cbe70 nmethod 4141 0x000002766e017510 code [0x000002766e0176c0, 0x000002766e017948]
Event: 8.440 Thread 0x00000276005bb150 4142   !   4       jdk.internal.ref.PhantomCleanable::remove (60 bytes)
Event: 8.442 Thread 0x00000276005bb150 nmethod 4142 0x0000027675adb210 code [0x0000027675adb3c0, 0x0000027675adb920]
Event: 8.471 Thread 0x00000276005bb150 4143   !   4       jdk.internal.loader.URLClassPath$JarLoader::checkResource (73 bytes)
Event: 8.481 Thread 0x00000276005bb150 nmethod 4143 0x0000027675b2e790 code [0x0000027675b2ea60, 0x0000027675b2f850]
Event: 8.481 Thread 0x00000276005bb150 4144   !   4       jdk.internal.loader.BuiltinClassLoader::findClassOnClassPathOrNull (64 bytes)
Event: 8.506 Thread 0x00000276005cbe70 4146       3       java.lang.invoke.Invokers::cachedInvoker (7 bytes)
Event: 8.506 Thread 0x00000276005cbe70 nmethod 4146 0x000002766e00d210 code [0x000002766e00d3a0, 0x000002766e00d4d8]

GC Heap History (16 events):
Event: 1.603 GC heap before
{Heap before GC invocations=0 (full 0):
 garbage-first heap   total 55296K, used 14336K [0x00000000ca200000, 0x0000000100000000)
  region size 1024K, 13 young (13312K), 0 survivors (0K)
 Metaspace       used 3848K, committed 4096K, reserved 1114112K
  class space    used 395K, committed 512K, reserved 1048576K
}
Event: 1.609 GC heap after
{Heap after GC invocations=1 (full 0):
 garbage-first heap   total 55296K, used 6896K [0x00000000ca200000, 0x0000000100000000)
  region size 1024K, 2 young (2048K), 2 survivors (2048K)
 Metaspace       used 3848K, committed 4096K, reserved 1114112K
  class space    used 395K, committed 512K, reserved 1048576K
}
Event: 2.273 GC heap before
{Heap before GC invocations=1 (full 0):
 garbage-first heap   total 55296K, used 21232K [0x00000000ca200000, 0x0000000100000000)
  region size 1024K, 16 young (16384K), 2 survivors (2048K)
 Metaspace       used 7906K, committed 8128K, reserved 1114112K
  class space    used 932K, committed 1024K, reserved 1048576K
}
Event: 2.279 GC heap after
{Heap after GC invocations=2 (full 0):
 garbage-first heap   total 55296K, used 8337K [0x00000000ca200000, 0x0000000100000000)
  region size 1024K, 2 young (2048K), 2 survivors (2048K)
 Metaspace       used 7906K, committed 8128K, reserved 1114112K
  class space    used 932K, committed 1024K, reserved 1048576K
}
Event: 3.648 GC heap before
{Heap before GC invocations=2 (full 0):
 garbage-first heap   total 55296K, used 35985K [0x00000000ca200000, 0x0000000100000000)
  region size 1024K, 30 young (30720K), 2 survivors (2048K)
 Metaspace       used 15689K, committed 16000K, reserved 1114112K
  class space    used 1908K, committed 2048K, reserved 1048576K
}
Event: 3.652 GC heap after
{Heap after GC invocations=3 (full 0):
 garbage-first heap   total 55296K, used 10345K [0x00000000ca200000, 0x0000000100000000)
  region size 1024K, 4 young (4096K), 4 survivors (4096K)
 Metaspace       used 15689K, committed 16000K, reserved 1114112K
  class space    used 1908K, committed 2048K, reserved 1048576K
}
Event: 4.969 GC heap before
{Heap before GC invocations=3 (full 0):
 garbage-first heap   total 55296K, used 39017K [0x00000000ca200000, 0x0000000100000000)
  region size 1024K, 32 young (32768K), 4 survivors (4096K)
 Metaspace       used 20141K, committed 20480K, reserved 1114112K
  class space    used 2421K, committed 2560K, reserved 1048576K
}
Event: 4.978 GC heap after
{Heap after GC invocations=4 (full 0):
 garbage-first heap   total 55296K, used 13492K [0x00000000ca200000, 0x0000000100000000)
  region size 1024K, 4 young (4096K), 4 survivors (4096K)
 Metaspace       used 20141K, committed 20480K, reserved 1114112K
  class space    used 2421K, committed 2560K, reserved 1048576K
}
Event: 5.396 GC heap before
{Heap before GC invocations=4 (full 0):
 garbage-first heap   total 55296K, used 19636K [0x00000000ca200000, 0x0000000100000000)
  region size 1024K, 11 young (11264K), 4 survivors (4096K)
 Metaspace       used 21209K, committed 21504K, reserved 1114112K
  class space    used 2558K, committed 2688K, reserved 1048576K
}
Event: 5.402 GC heap after
{Heap after GC invocations=5 (full 0):
 garbage-first heap   total 55296K, used 14136K [0x00000000ca200000, 0x0000000100000000)
  region size 1024K, 1 young (1024K), 1 survivors (1024K)
 Metaspace       used 21209K, committed 21504K, reserved 1114112K
  class space    used 2558K, committed 2688K, reserved 1048576K
}
Event: 7.136 GC heap before
{Heap before GC invocations=6 (full 0):
 garbage-first heap   total 55296K, used 42808K [0x00000000ca200000, 0x0000000100000000)
  region size 1024K, 30 young (30720K), 1 survivors (1024K)
 Metaspace       used 27223K, committed 27712K, reserved 1114112K
  class space    used 3412K, committed 3648K, reserved 1048576K
}
Event: 7.143 GC heap after
{Heap after GC invocations=7 (full 0):
 garbage-first heap   total 55296K, used 17274K [0x00000000ca200000, 0x0000000100000000)
  region size 1024K, 4 young (4096K), 4 survivors (4096K)
 Metaspace       used 27223K, committed 27712K, reserved 1114112K
  class space    used 3412K, committed 3648K, reserved 1048576K
}
Event: 8.180 GC heap before
{Heap before GC invocations=7 (full 0):
 garbage-first heap   total 55296K, used 43898K [0x00000000ca200000, 0x0000000100000000)
  region size 1024K, 31 young (31744K), 4 survivors (4096K)
 Metaspace       used 33851K, committed 34368K, reserved 1114112K
  class space    used 4347K, committed 4608K, reserved 1048576K
}
Event: 8.186 GC heap after
{Heap after GC invocations=8 (full 0):
 garbage-first heap   total 55296K, used 18846K [0x00000000ca200000, 0x0000000100000000)
  region size 1024K, 2 young (2048K), 2 survivors (2048K)
 Metaspace       used 33851K, committed 34368K, reserved 1114112K
  class space    used 4347K, committed 4608K, reserved 1048576K
}
Event: 8.377 GC heap before
{Heap before GC invocations=8 (full 0):
 garbage-first heap   total 55296K, used 24990K [0x00000000ca200000, 0x0000000100000000)
  region size 1024K, 9 young (9216K), 2 survivors (2048K)
 Metaspace       used 35438K, committed 35968K, reserved 1114112K
  class space    used 4641K, committed 4928K, reserved 1048576K
}
Event: 8.380 GC heap after
{Heap after GC invocations=9 (full 0):
 garbage-first heap   total 55296K, used 18994K [0x00000000ca200000, 0x0000000100000000)
  region size 1024K, 2 young (2048K), 2 survivors (2048K)
 Metaspace       used 35438K, committed 35968K, reserved 1114112K
  class space    used 4641K, committed 4928K, reserved 1048576K
}

Dll operation events (14 events):
Event: 0.018 Loaded shared library C:\Users\JOHN\.jdks\openjdk-21.0.1\bin\java.dll
Event: 0.055 Loaded shared library C:\Users\JOHN\.jdks\openjdk-21.0.1\bin\jsvml.dll
Event: 0.131 Loaded shared library C:\Users\JOHN\.jdks\openjdk-21.0.1\bin\zip.dll
Event: 0.136 Loaded shared library C:\Users\JOHN\.jdks\openjdk-21.0.1\bin\instrument.dll
Event: 0.142 Loaded shared library C:\Users\JOHN\.jdks\openjdk-21.0.1\bin\net.dll
Event: 0.145 Loaded shared library C:\Users\JOHN\.jdks\openjdk-21.0.1\bin\nio.dll
Event: 0.148 Loaded shared library C:\Users\JOHN\.jdks\openjdk-21.0.1\bin\zip.dll
Event: 0.976 Loaded shared library C:\Program Files\JetBrains\IntelliJ IDEA Community Edition 2023.2.4\bin\breakgen64.dll
Event: 0.995 Loaded shared library C:\Users\JOHN\.jdks\openjdk-21.0.1\bin\extnet.dll
Event: 1.093 Loaded shared library C:\Users\JOHN\.jdks\openjdk-21.0.1\bin\jimage.dll
Event: 3.828 Loaded shared library C:\Users\JOHN\.jdks\openjdk-21.0.1\bin\sunmscapi.dll
Event: 7.285 Loaded shared library C:\Users\JOHN\.jdks\openjdk-21.0.1\bin\management.dll
Event: 7.296 Loaded shared library C:\Users\JOHN\.jdks\openjdk-21.0.1\bin\management_ext.dll
Event: 8.198 Loaded shared library C:\Users\JOHN\.jdks\openjdk-21.0.1\bin\verify.dll

Deoptimization events (20 events):
Event: 7.912 Thread 0x0000027665b903f0 Uncommon trap: trap_request=0xffffff45 fr.pc=0x0000027675bc5d18 relative=0x00000000000000f8
Event: 7.912 Thread 0x0000027665b903f0 Uncommon trap: reason=unstable_if action=reinterpret pc=0x0000027675bc5d18 method=java.lang.ClassLoader.getClassLoadingLock(Ljava/lang/String;)Ljava/lang/Object; @ 6 c2
Event: 7.912 Thread 0x0000027665b903f0 DEOPT PACKING pc=0x0000027675bc5d18 sp=0x0000009c9bafd9d0
Event: 7.912 Thread 0x0000027665b903f0 DEOPT UNPACKING pc=0x00000276755546a2 sp=0x0000009c9bafd960 mode 2
Event: 8.276 Thread 0x0000027665b903f0 Uncommon trap: trap_request=0xffffffde fr.pc=0x0000027675cafbac relative=0x00000000000006ec
Event: 8.276 Thread 0x0000027665b903f0 Uncommon trap: reason=class_check action=maybe_recompile pc=0x0000027675cafbac method=java.lang.reflect.Executable.getAnnotation(Ljava/lang/Class;)Ljava/lang/annotation/Annotation; @ 19 c2
Event: 8.276 Thread 0x0000027665b903f0 DEOPT PACKING pc=0x0000027675cafbac sp=0x0000009c9bafcda0
Event: 8.277 Thread 0x0000027665b903f0 DEOPT UNPACKING pc=0x00000276755546a2 sp=0x0000009c9bafcd08 mode 2
Event: 8.283 Thread 0x0000027665b903f0 Uncommon trap: trap_request=0xffffffde fr.pc=0x0000027675cafbac relative=0x00000000000006ec
Event: 8.283 Thread 0x0000027665b903f0 Uncommon trap: reason=class_check action=maybe_recompile pc=0x0000027675cafbac method=java.lang.reflect.Executable.getAnnotation(Ljava/lang/Class;)Ljava/lang/annotation/Annotation; @ 19 c2
Event: 8.283 Thread 0x0000027665b903f0 DEOPT PACKING pc=0x0000027675cafbac sp=0x0000009c9bafcee0
Event: 8.283 Thread 0x0000027665b903f0 DEOPT UNPACKING pc=0x00000276755546a2 sp=0x0000009c9bafce48 mode 2
Event: 8.347 Thread 0x0000027665b903f0 DEOPT PACKING pc=0x000002766e034244 sp=0x0000009c9bafdaa0
Event: 8.347 Thread 0x0000027665b903f0 DEOPT UNPACKING pc=0x0000027675554e42 sp=0x0000009c9bafcf10 mode 0
Event: 8.347 Thread 0x0000027665b903f0 DEOPT PACKING pc=0x000002766e034244 sp=0x0000009c9bafdaa0
Event: 8.347 Thread 0x0000027665b903f0 DEOPT UNPACKING pc=0x0000027675554e42 sp=0x0000009c9bafcf10 mode 0
Event: 8.502 Thread 0x0000027665b903f0 Uncommon trap: trap_request=0xffffffde fr.pc=0x0000027675cafbac relative=0x00000000000006ec
Event: 8.502 Thread 0x0000027665b903f0 Uncommon trap: reason=class_check action=maybe_recompile pc=0x0000027675cafbac method=java.lang.reflect.Executable.getAnnotation(Ljava/lang/Class;)Ljava/lang/annotation/Annotation; @ 19 c2
Event: 8.502 Thread 0x0000027665b903f0 DEOPT PACKING pc=0x0000027675cafbac sp=0x0000009c9bafe040
Event: 8.502 Thread 0x0000027665b903f0 DEOPT UNPACKING pc=0x00000276755546a2 sp=0x0000009c9bafdfb8 mode 2

Classes loaded (20 events):
Event: 8.111 Loading class javax/xml/stream/XMLEventReader
Event: 8.111 Loading class javax/xml/stream/XMLEventReader done
Event: 8.116 Loading class javax/xml/stream/XMLEventFactory
Event: 8.116 Loading class javax/xml/stream/XMLEventFactory done
Event: 8.117 Loading class javax/xml/stream/FactoryFinder
Event: 8.117 Loading class javax/xml/stream/FactoryFinder done
Event: 8.117 Loading class javax/xml/stream/FactoryFinder$1
Event: 8.118 Loading class javax/xml/stream/FactoryFinder$1 done
Event: 8.118 Loading class com/sun/xml/internal/stream/events/XMLEventFactoryImpl
Event: 8.119 Loading class com/sun/xml/internal/stream/events/XMLEventFactoryImpl done
Event: 8.152 Loading class java/lang/Process
Event: 8.152 Loading class java/lang/Process done
Event: 8.167 Loading class java/lang/reflect/GenericSignatureFormatError
Event: 8.167 Loading class java/lang/reflect/GenericSignatureFormatError done
Event: 8.504 Loading class javax/naming/InvalidNameException
Event: 8.504 Loading class javax/naming/InvalidNameException done
Event: 8.504 Loading class javax/naming/event/NamingListener
Event: 8.504 Loading class javax/naming/event/NamingListener done
Event: 8.505 Loading class javax/naming/event/NamespaceChangeListener
Event: 8.505 Loading class javax/naming/event/NamespaceChangeListener done

Classes unloaded (0 events):
No events

Classes redefined (0 events):
No events

Internal exceptions (20 events):
Event: 6.577 Thread 0x0000027665b903f0 Exception <a 'java/lang/NoSuchMethodError'{0x00000000cc671dc8}: 'java.lang.Object java.lang.invoke.DirectMethodHandle$Holder.invokeSpecialIFC(java.lang.Object, java.lang.Object, java.lang.Object)'> (0x00000000cc671dc8) 
thrown [s\open\src\hotspot\share\interpreter\linkResolver.cpp, line 773]
Event: 6.593 Thread 0x0000027665b903f0 Exception <a 'java/lang/NoSuchMethodError'{0x00000000cc6b8cf0}: 'java.lang.Object java.lang.invoke.DirectMethodHandle$Holder.invokeVirtual(java.lang.Object, java.lang.Object, java.lang.Object, java.lang.Object, java.lang.Object)'> (0x00000000cc6b8cf0) 
thrown [s\open\src\hotspot\share\interpreter\linkResolver.cpp, line 773]
Event: 6.764 Thread 0x0000027665b903f0 Exception <a 'java/lang/NoSuchMethodError'{0x00000000cc372fd0}: 'java.lang.Object java.lang.invoke.DirectMethodHandle$Holder.invokeVirtual(java.lang.Object, java.lang.Object, java.lang.Object, java.lang.Object, java.lang.Object, java.lang.Object)'> (0x00000000cc372fd0) 
thrown [s\open\src\hotspot\share\interpreter\linkResolver.cpp, line 773]
Event: 6.818 Thread 0x0000027665b903f0 Exception <a 'java/lang/NoSuchMethodError'{0x00000000cc28b568}: 'void java.lang.invoke.DirectMethodHandle$Holder.invokeInterface(java.lang.Object, java.lang.Object, int)'> (0x00000000cc28b568) 
thrown [s\open\src\hotspot\share\interpreter\linkResolver.cpp, line 773]
Event: 6.823 Thread 0x0000027665b903f0 Exception <a 'java/lang/IncompatibleClassChangeError'{0x00000000cc2cd7d0}: Found class java.lang.Object, but interface was expected> (0x00000000cc2cd7d0) 
thrown [s\open\src\hotspot\share\interpreter\linkResolver.cpp, line 840]
Event: 6.825 Thread 0x0000027665b903f0 Exception <a 'java/lang/NoSuchMethodError'{0x00000000cc2db838}: 'int java.lang.invoke.DirectMethodHandle$Holder.invokeSpecialIFC(java.lang.Object, java.lang.Object, java.lang.Object)'> (0x00000000cc2db838) 
thrown [s\open\src\hotspot\share\interpreter\linkResolver.cpp, line 773]
Event: 6.827 Thread 0x0000027665b903f0 Exception <a 'java/lang/NoSuchMethodError'{0x00000000cc2f0630}: 'void java.lang.invoke.DirectMethodHandle$Holder.invokeStatic(java.lang.Object, int, java.lang.Object)'> (0x00000000cc2f0630) 
thrown [s\open\src\hotspot\share\interpreter\linkResolver.cpp, line 773]
Event: 6.834 Thread 0x0000027665b903f0 Exception <a 'java/lang/NoSuchMethodError'{0x00000000cc1267b0}: 'void java.lang.invoke.DirectMethodHandle$Holder.invokeStatic(java.lang.Object, java.lang.Object, java.lang.Object, int, java.lang.Object)'> (0x00000000cc1267b0) 
thrown [s\open\src\hotspot\share\interpreter\linkResolver.cpp, line 773]
Event: 6.834 Thread 0x0000027665b903f0 Exception <a 'java/lang/NoSuchMethodError'{0x00000000cc12cf68}: 'java.lang.Object java.lang.invoke.DirectMethodHandle$Holder.newInvokeSpecial(java.lang.Object, java.lang.Object, java.lang.Object, int)'> (0x00000000cc12cf68) 
thrown [s\open\src\hotspot\share\interpreter\linkResolver.cpp, line 773]
Event: 6.834 Thread 0x0000027665b903f0 Exception <a 'java/lang/NoSuchMethodError'{0x00000000cc130d58}: 'java.lang.Object java.lang.invoke.DirectMethodHandle$Holder.invokeSpecial(java.lang.Object, java.lang.Object, java.lang.Object, java.lang.Object, int)'> (0x00000000cc130d58) 
thrown [s\open\src\hotspot\share\interpreter\linkResolver.cpp, line 773]
Event: 6.834 Thread 0x0000027665b903f0 Exception <a 'java/lang/NoSuchMethodError'{0x00000000cc1341e0}: 'java.lang.Object java.lang.invoke.Invokers$Holder.linkToTargetMethod(java.lang.Object, java.lang.Object, int, java.lang.Object)'> (0x00000000cc1341e0) 
thrown [s\open\src\hotspot\share\interpreter\linkResolver.cpp, line 773]
Event: 6.936 Thread 0x0000027665b903f0 Exception <a 'java/lang/NoSuchMethodError'{0x00000000cbee4f10}: 'java.lang.Object java.lang.invoke.DirectMethodHandle$Holder.invokeStaticInit(java.lang.Object, int, int, int, int)'> (0x00000000cbee4f10) 
thrown [s\open\src\hotspot\share\interpreter\linkResolver.cpp, line 773]
Event: 6.979 Thread 0x0000027665b903f0 Exception <a 'java/lang/NoSuchMethodError'{0x00000000cbdb25a0}: 'java.lang.Object java.lang.invoke.DirectMethodHandle$Holder.invokeStaticInit(java.lang.Object, java.lang.Object, int, int, int, int)'> (0x00000000cbdb25a0) 
thrown [s\open\src\hotspot\share\interpreter\linkResolver.cpp, line 773]
Event: 7.177 Thread 0x0000027665b903f0 Exception <a 'java/lang/NoSuchMethodError'{0x00000000cd7b44a8}: 'int java.lang.invoke.DirectMethodHandle$Holder.invokeVirtual(java.lang.Object, java.lang.Object, java.lang.Object, java.lang.Object)'> (0x00000000cd7b44a8) 
thrown [s\open\src\hotspot\share\interpreter\linkResolver.cpp, line 773]
Event: 7.178 Thread 0x0000027665b903f0 Exception <a 'java/lang/NoSuchMethodError'{0x00000000cd7b7f10}: 'int java.lang.invoke.DelegatingMethodHandle$Holder.reinvoke_L(java.lang.Object, java.lang.Object, java.lang.Object, java.lang.Object)'> (0x00000000cd7b7f10) 
thrown [s\open\src\hotspot\share\interpreter\linkResolver.cpp, line 773]
Event: 7.328 Thread 0x0000027665b903f0 Exception <a 'java/io/FileNotFoundException'{0x00000000cd5cd448}> (0x00000000cd5cd448) 
thrown [s\open\src\hotspot\share\prims\jni.cpp, line 520]
Event: 7.380 Thread 0x0000027665b903f0 Exception <a 'java/lang/NoSuchMethodError'{0x00000000cd359d18}: 'int java.lang.invoke.DirectMethodHandle$Holder.invokeInterface(java.lang.Object, java.lang.Object, java.lang.Object, java.lang.Object)'> (0x00000000cd359d18) 
thrown [s\open\src\hotspot\share\interpreter\linkResolver.cpp, line 773]
Event: 7.486 Thread 0x0000027665b903f0 Exception <a 'java/lang/NoSuchMethodError'{0x00000000cd136d30}: 'long java.lang.invoke.DirectMethodHandle$Holder.invokeVirtual(java.lang.Object, java.lang.Object)'> (0x00000000cd136d30) 
thrown [s\open\src\hotspot\share\interpreter\linkResolver.cpp, line 773]
Event: 7.638 Thread 0x0000027665b903f0 Exception <a 'java/lang/NoSuchMethodError'{0x00000000ccc62d90}: 'java.lang.Object java.lang.invoke.DirectMethodHandle$Holder.newInvokeSpecial(java.lang.Object, java.lang.Object, java.lang.Object, java.lang.Object, java.lang.Object, java.lang.Object, java.lang.Object, java.lang.Object, java.lang.Object, java.lang.Object, java.lang.Object)'> (0x00000000ccc62d90) 
thrown [s\open\src\hotspot\share\interpreter\linkResolver.cpp, line 773]
Event: 7.739 Thread 0x0000027665b903f0 Exception <a 'java/lang/NoSuchMethodError'{0x00000000cc959c30}: 'void java.lang.invoke.DelegatingMethodHandle$Holder.reinvoke_L(java.lang.Object, java.lang.Object, java.lang.Object, java.lang.Object, int, java.lang.Object, java.lang.Object, java.lang.Object)'> (0x00000000cc959c30) 
thrown [s\open\src\hotspot\share\interpreter\linkResolver.cpp, line 773]

ZGC Phase Switch (0 events):
No events

VM Operations (20 events):
Event: 7.250 Executing VM operation: HandshakeAllThreads (Deoptimize)
Event: 7.250 Executing VM operation: HandshakeAllThreads (Deoptimize) done
Event: 7.307 Executing VM operation: HandshakeAllThreads (Deoptimize)
Event: 7.307 Executing VM operation: HandshakeAllThreads (Deoptimize) done
Event: 7.433 Executing VM operation: HandshakeAllThreads (Deoptimize)
Event: 7.433 Executing VM operation: HandshakeAllThreads (Deoptimize) done
Event: 7.434 Executing VM operation: HandshakeAllThreads (Deoptimize)
Event: 7.434 Executing VM operation: HandshakeAllThreads (Deoptimize) done
Event: 7.504 Executing VM operation: HandshakeAllThreads (Deoptimize)
Event: 7.504 Executing VM operation: HandshakeAllThreads (Deoptimize) done
Event: 7.824 Executing VM operation: HandshakeAllThreads (Deoptimize)
Event: 7.824 Executing VM operation: HandshakeAllThreads (Deoptimize) done
Event: 8.180 Executing VM operation: G1CollectForAllocation (G1 Evacuation Pause)
Event: 8.186 Executing VM operation: G1CollectForAllocation (G1 Evacuation Pause) done
Event: 8.377 Executing VM operation: CollectForMetadataAllocation (Metadata GC Threshold)
Event: 8.380 Executing VM operation: CollectForMetadataAllocation (Metadata GC Threshold) done
Event: 8.402 Executing VM operation: G1PauseRemark
Event: 8.405 Executing VM operation: G1PauseRemark done
Event: 8.412 Executing VM operation: G1PauseCleanup
Event: 8.412 Executing VM operation: G1PauseCleanup done

Events (20 events):
Event: 8.404 Thread 0x000002760058f120 flushing nmethod 0x0000027675ae4010
Event: 8.404 Thread 0x000002760058f120 flushing nmethod 0x0000027675ae3a10
Event: 8.405 Thread 0x000002760058f120 flushing nmethod 0x0000027675aee990
Event: 8.405 Thread 0x000002760058f120 flushing nmethod 0x0000027675acb090
Event: 8.405 Thread 0x000002760058f120 flushing nmethod 0x0000027675addd90
Event: 8.405 Thread 0x000002760058f120 flushing nmethod 0x0000027675adb710
Event: 8.405 Thread 0x000002760058f120 flushing nmethod 0x0000027675adb210
Event: 8.405 Thread 0x000002760058f120 flushing nmethod 0x0000027675aca610
Event: 8.405 Thread 0x000002760058f120 flushing nmethod 0x0000027675aca310
Event: 8.405 Thread 0x000002760058f120 flushing nmethod 0x0000027675ac9f10
Event: 8.405 Thread 0x000002760058f120 flushing nmethod 0x0000027675ac9b90
Event: 8.405 Thread 0x000002760058f120 flushing nmethod 0x0000027675ac9890
Event: 8.405 Thread 0x000002760058f120 flushing nmethod 0x0000027675ab0790
Event: 8.405 Thread 0x000002760058f120 flushing nmethod 0x0000027675aaf010
Event: 8.405 Thread 0x000002760058f120 flushing nmethod 0x0000027675ab7410
Event: 8.405 Thread 0x000002760058f120 flushing nmethod 0x0000027675abaf90
Event: 8.405 Thread 0x000002760058f120 flushing nmethod 0x0000027675ab4b10
Event: 8.405 Thread 0x000002760058f120 flushing nmethod 0x0000027675abbb90
Event: 8.405 Thread 0x000002760058f120 flushing nmethod 0x0000027675ab7b10
Event: 8.405 Thread 0x000002760058f120 flushing nmethod 0x0000027675aa1490


Dynamic libraries:
0x00007ff7c56c0000 - 0x00007ff7c56ce000 	C:\Users\JOHN\.jdks\openjdk-21.0.1\bin\java.exe
0x00007ffa26df0000 - 0x00007ffa27007000 	C:\WINDOWS\SYSTEM32\ntdll.dll
0x00007ffa25260000 - 0x00007ffa25324000 	C:\WINDOWS\System32\KERNEL32.DLL
0x00007ffa24280000 - 0x00007ffa24639000 	C:\WINDOWS\System32\KERNELBASE.dll
0x00007ffa24160000 - 0x00007ffa24271000 	C:\WINDOWS\System32\ucrtbase.dll
0x00007ffa13e40000 - 0x00007ffa13e5b000 	C:\Users\JOHN\.jdks\openjdk-21.0.1\bin\VCRUNTIME140.dll
0x00007ff9f88a0000 - 0x00007ff9f88b8000 	C:\Users\JOHN\.jdks\openjdk-21.0.1\bin\jli.dll
0x00007ffa24fd0000 - 0x00007ffa2517e000 	C:\WINDOWS\System32\USER32.dll
0x00007ffa24640000 - 0x00007ffa24666000 	C:\WINDOWS\System32\win32u.dll
0x00007ffa12ec0000 - 0x00007ffa13152000 	C:\WINDOWS\WinSxS\amd64_microsoft.windows.common-controls_6595b64144ccf1df_6.0.22621.4391_none_2715d37f73803e96\COMCTL32.dll
0x00007ffa24db0000 - 0x00007ffa24dd9000 	C:\WINDOWS\System32\GDI32.dll
0x00007ffa24c80000 - 0x00007ffa24d27000 	C:\WINDOWS\System32\msvcrt.dll
0x00007ffa24730000 - 0x00007ffa2484b000 	C:\WINDOWS\System32\gdi32full.dll
0x00007ffa24a70000 - 0x00007ffa24b0a000 	C:\WINDOWS\System32\msvcp_win.dll
0x00007ffa254f0000 - 0x00007ffa25521000 	C:\WINDOWS\System32\IMM32.DLL
0x00007ffa208d0000 - 0x00007ffa208dc000 	C:\Users\JOHN\.jdks\openjdk-21.0.1\bin\vcruntime140_1.dll
0x00007ff9e6770000 - 0x00007ff9e67fe000 	C:\Users\JOHN\.jdks\openjdk-21.0.1\bin\msvcp140.dll
0x00007ff985460000 - 0x00007ff986175000 	C:\Users\JOHN\.jdks\openjdk-21.0.1\bin\server\jvm.dll
0x00007ffa24e50000 - 0x00007ffa24f02000 	C:\WINDOWS\System32\ADVAPI32.dll
0x00007ffa25c80000 - 0x00007ffa25d27000 	C:\WINDOWS\System32\sechost.dll
0x00007ffa24850000 - 0x00007ffa24878000 	C:\WINDOWS\System32\bcrypt.dll
0x00007ffa24b60000 - 0x00007ffa24c74000 	C:\WINDOWS\System32\RPCRT4.dll
0x00007ffa24d30000 - 0x00007ffa24da1000 	C:\WINDOWS\System32\WS2_32.dll
0x00007ffa23fc0000 - 0x00007ffa2400d000 	C:\WINDOWS\SYSTEM32\POWRPROF.dll
0x00007ffa1c1f0000 - 0x00007ffa1c224000 	C:\WINDOWS\SYSTEM32\WINMM.dll
0x00007ffa1e400000 - 0x00007ffa1e40a000 	C:\WINDOWS\SYSTEM32\VERSION.dll
0x00007ffa23fa0000 - 0x00007ffa23fb3000 	C:\WINDOWS\SYSTEM32\UMPDC.dll
0x00007ffa23110000 - 0x00007ffa23128000 	C:\WINDOWS\SYSTEM32\kernel.appcore.dll
0x00007ffa19730000 - 0x00007ffa1973a000 	C:\Users\JOHN\.jdks\openjdk-21.0.1\bin\jimage.dll
0x00007ffa21ad0000 - 0x00007ffa21d02000 	C:\WINDOWS\SYSTEM32\DBGHELP.DLL
0x00007ffa257f0000 - 0x00007ffa25b7f000 	C:\WINDOWS\System32\combase.dll
0x00007ffa25330000 - 0x00007ffa25407000 	C:\WINDOWS\System32\OLEAUT32.dll
0x00007ffa20890000 - 0x00007ffa208c2000 	C:\WINDOWS\SYSTEM32\dbgcore.DLL
0x00007ffa24880000 - 0x00007ffa248fb000 	C:\WINDOWS\System32\bcryptPrimitives.dll
0x00007ffa08a60000 - 0x00007ffa08a6f000 	C:\Users\JOHN\.jdks\openjdk-21.0.1\bin\instrument.dll
0x00007ff9eb3a0000 - 0x00007ff9eb3bf000 	C:\Users\JOHN\.jdks\openjdk-21.0.1\bin\java.dll
0x00007ffa260b0000 - 0x00007ffa26926000 	C:\WINDOWS\System32\SHELL32.dll
0x00007ffa21fe0000 - 0x00007ffa228e3000 	C:\WINDOWS\SYSTEM32\windows.storage.dll
0x00007ffa21ea0000 - 0x00007ffa21fdf000 	C:\WINDOWS\SYSTEM32\wintypes.dll
0x00007ffa256f0000 - 0x00007ffa257e9000 	C:\WINDOWS\System32\SHCORE.dll
0x00007ffa25d30000 - 0x00007ffa25d8e000 	C:\WINDOWS\System32\shlwapi.dll
0x00007ffa24020000 - 0x00007ffa2404b000 	C:\WINDOWS\SYSTEM32\profapi.dll
0x00007ff9c0c50000 - 0x00007ff9c0d27000 	C:\Users\JOHN\.jdks\openjdk-21.0.1\bin\jsvml.dll
0x00007ff9eac30000 - 0x00007ff9eac48000 	C:\Users\JOHN\.jdks\openjdk-21.0.1\bin\zip.dll
0x00007ffa16300000 - 0x00007ffa16310000 	C:\Users\JOHN\.jdks\openjdk-21.0.1\bin\net.dll
0x00007ffa18710000 - 0x00007ffa18846000 	C:\WINDOWS\SYSTEM32\WINHTTP.dll
0x00007ffa235b0000 - 0x00007ffa23619000 	C:\WINDOWS\system32\mswsock.dll
0x00007ff9eb380000 - 0x00007ff9eb396000 	C:\Users\JOHN\.jdks\openjdk-21.0.1\bin\nio.dll
0x00007ff9e5e90000 - 0x00007ff9e5eaa000 	C:\Program Files\JetBrains\IntelliJ IDEA Community Edition 2023.2.4\bin\breakgen64.dll
0x00007ffa13e30000 - 0x00007ffa13e37000 	C:\Users\JOHN\.jdks\openjdk-21.0.1\bin\extnet.dll
0x00007ffa13e80000 - 0x00007ffa13e8e000 	C:\Users\JOHN\.jdks\openjdk-21.0.1\bin\sunmscapi.dll
0x00007ffa24900000 - 0x00007ffa24a66000 	C:\WINDOWS\System32\CRYPT32.dll
0x00007ffa239a0000 - 0x00007ffa239cd000 	C:\WINDOWS\SYSTEM32\ncrypt.dll
0x00007ffa23960000 - 0x00007ffa23997000 	C:\WINDOWS\SYSTEM32\NTASN1.dll
0x00007ffa23810000 - 0x00007ffa2382b000 	C:\WINDOWS\SYSTEM32\CRYPTSP.dll
0x00007ffa23070000 - 0x00007ffa230a5000 	C:\WINDOWS\system32\rsaenh.dll
0x00007ffa236a0000 - 0x00007ffa236c8000 	C:\WINDOWS\SYSTEM32\USERENV.dll
0x00007ffa23800000 - 0x00007ffa2380c000 	C:\WINDOWS\SYSTEM32\CRYPTBASE.dll
0x00007ffa22b90000 - 0x00007ffa22bbd000 	C:\WINDOWS\SYSTEM32\IPHLPAPI.DLL
0x00007ffa25430000 - 0x00007ffa25439000 	C:\WINDOWS\System32\NSI.dll
0x00007ffa16080000 - 0x00007ffa1608a000 	C:\Users\JOHN\.jdks\openjdk-21.0.1\bin\management.dll
0x00007ffa13fc0000 - 0x00007ffa13fcb000 	C:\Users\JOHN\.jdks\openjdk-21.0.1\bin\management_ext.dll
0x00007ffa24e40000 - 0x00007ffa24e48000 	C:\WINDOWS\System32\PSAPI.DLL
0x00007ffa160d0000 - 0x00007ffa160e0000 	C:\Users\JOHN\.jdks\openjdk-21.0.1\bin\verify.dll

dbghelp: loaded successfully - version: 4.0.5 - missing functions: none
symbol engine: initialized successfully - sym options: 0x614 - pdb path: .;C:\Users\JOHN\.jdks\openjdk-21.0.1\bin;C:\WINDOWS\SYSTEM32;C:\WINDOWS\WinSxS\amd64_microsoft.windows.common-controls_6595b64144ccf1df_6.0.22621.4391_none_2715d37f73803e96;C:\Users\JOHN\.jdks\openjdk-21.0.1\bin\server;C:\Program Files\JetBrains\IntelliJ IDEA Community Edition 2023.2.4\bin

VM Arguments:
jvm_args: -javaagent:C:\Program Files\JetBrains\IntelliJ IDEA Community Edition 2023.2.4\lib\idea_rt.jar=61308:C:\Program Files\JetBrains\IntelliJ IDEA Community Edition 2023.2.4\bin -Dfile.encoding=UTF-8 -Dsun.stdout.encoding=UTF-8 -Dsun.stderr.encoding=UTF-8 
java_command: com.example.SpringFinanzasPersonales.SpringFinanzasPersonalesApplication
java_class_path (initial): C:\Users\JOHN\Documents\Java\SpringFinanzasPersonales\target\classes;C:\Users\JOHN\.m2\repository\org\springframework\boot\spring-boot-starter-data-jpa\3.4.0\spring-boot-starter-data-jpa-3.4.0.jar;C:\Users\JOHN\.m2\repository\org\springframework\boot\spring-boot-starter\3.4.0\spring-boot-starter-3.4.0.jar;C:\Users\JOHN\.m2\repository\org\springframework\boot\spring-boot\3.4.0\spring-boot-3.4.0.jar;C:\Users\JOHN\.m2\repository\org\springframework\boot\spring-boot-autoconfigure\3.4.0\spring-boot-autoconfigure-3.4.0.jar;C:\Users\JOHN\.m2\repository\org\springframework\boot\spring-boot-starter-logging\3.4.0\spring-boot-starter-logging-3.4.0.jar;C:\Users\JOHN\.m2\repository\ch\qos\logback\logback-classic\1.5.12\logback-classic-1.5.12.jar;C:\Users\JOHN\.m2\repository\ch\qos\logback\logback-core\1.5.12\logback-core-1.5.12.jar;C:\Users\JOHN\.m2\repository\org\apache\logging\log4j\log4j-to-slf4j\2.24.1\log4j-to-slf4j-2.24.1.jar;C:\Users\JOHN\.m2\repository\org\apache\logging\log4j\log4j-api\2.24.1\log4j-api-2.24.1.jar;C:\Users\JOHN\.m2\repository\org\slf4j\jul-to-slf4j\2.0.16\jul-to-slf4j-2.0.16.jar;C:\Users\JOHN\.m2\repository\jakarta\annotation\jakarta.annotation-api\2.1.1\jakarta.annotation-api-2.1.1.jar;C:\Users\JOHN\.m2\repository\org\yaml\snakeyaml\2.3\snakeyaml-2.3.jar;C:\Users\JOHN\.m2\repository\org\springframework\boot\spring-boot-starter-jdbc\3.4.0\spring-boot-starter-jdbc-3.4.0.jar;C:\Users\JOHN\.m2\repository\com\zaxxer\HikariCP\5.1.0\HikariCP-5.1.0.jar;C:\Users\JOHN\.m2\repository\org\springframework\spring-jdbc\6.2.0\spring-jdbc-6.2.0.jar;C:\Users\JOHN\.m2\repository\org\hibernate\orm\hibernate-core\6.6.2.Final\hibernate-core-6.6.2.Final.jar;C:\Users\JOHN\.m2\repository\jakarta\persistence\jakarta.persistence-api\3.1.0\jakarta.persistence-api-3.1.0.jar;C:\Users\JOHN\.m2\repository\jakarta\transaction\jakarta.transaction-api\2.0.1\jakarta.transaction-api-2.0.1.jar;C:\Users\JOHN\.m2\repository\org\jboss\logging\jboss-logging\3.6.1.Final\jboss-logging-3.6.1.Final.jar;C:\Users\JOHN\.m2\repository\org\hibernate\common\hibernate-commons-annotations\7.0.3.Final\hibernate-commons-annotations-7.0.3.Final.jar;C:\Users\JOHN\.m2\repository\io\smallrye\jandex\3.2.0\jandex-3.2.0.jar;C:\Users\JOHN\.m2\repository\com\fasterxml\classmate\1.7.0\classmate-1.7.0.jar;C:\Users\JOHN\.m2\repository\net\bytebuddy\byte-buddy\1.15.10\byte-buddy-1.15.10.jar;C:\Users\JOHN\.m2\repository\org\glassfish\jaxb\jaxb-runtime\4.0.5\jaxb-runtime-4.0.5.jar;C:\Users\JOHN\.m2\repository\org\glassfish\jaxb\jaxb-core\4.0.5\jaxb-core-4.0.5.jar;C:\Users\JOHN\.m2\repository\org\eclipse\angus\angus-activation\2.0.2\angus-activation-2.0.2.jar;C:\Users\JOHN\.m2\repository\org\glassfish\jaxb\txw2\4.0.5\txw2-4.0.5.jar;C:\Users\JOHN\.m2\repository\com\sun\istack\istack-commons-runtime\4.1.2\istack-commons-runtime-4.1.2.jar;C:\Users\JOHN\.m2\repository\jakarta\inject\jakarta.inject-api\2.0.1\jakarta.inject-api-2.0.1.jar;C:\Users\JOHN\.m2\repository\org\antlr\antlr4-runtime\4.13.0\antlr4-runtime-4.13.0.jar;C:\Users\JOHN\.m2\repository\org\springframework\data\spring-data-jpa\3.4.0\spring-data-jpa-3.4.0.jar;C:\Users\JOHN\.m2\repository\org\springframework\data\spring-data-commons\3.4.0\spring-data-commons-3.4.0.jar;C:\Users\JOHN\.m2\repository\org\springframework\spring-orm\6.2.0\spring-orm-6.2.0.jar;C:\Users\JOHN\.m2\repository\org\springframework\spring-context\6.2.0\spring-context-6.2.0.jar;C:\Users\JOHN\.m2\repository\org\springframework\spring-aop\6.2.0\spring-aop-6.2.0.jar;C:\Users\JOHN\.m2\repository\org\springframework\spring-tx\6.2.0\spring-tx-6.2.0.jar;C:\Users\JOHN\.m2\repository\org\springframework\spring-beans\6.2.0\spring-beans-6.2.0.jar;C:\Users\JOHN\.m2\repository\org\slf4j\slf4j-api\2.0.16\slf4j-api-2.0.16.jar;C:\Users\JOHN\.m2\repository\org\springframework\spring-aspects\6.2.0\spring-aspects-6.2.0.jar;C:\Users\JOHN\.m2\repository\org\aspectj\aspectjweaver\1.9.22.1\aspectjweaver-1.9.22.1.jar;C:\Users\JOHN\.m2\repository\org\springframework\boot\spring-boot-starter-web\3.4.0\spring-boot-starter-web-3.4.0.jar;C:\Users\JOHN\.m2\repository\org\springframework\boot\spring-boot-starter-json\3.4.0\spring-boot-starter-json-3.4.0.jar;C:\Users\JOHN\.m2\repository\com\fasterxml\jackson\core\jackson-databind\2.18.1\jackson-databind-2.18.1.jar;C:\Users\JOHN\.m2\repository\com\fasterxml\jackson\core\jackson-annotations\2.18.1\jackson-annotations-2.18.1.jar;C:\Users\JOHN\.m2\repository\com\fasterxml\jackson\core\jackson-core\2.18.1\jackson-core-2.18.1.jar;C:\Users\JOHN\.m2\repository\com\fasterxml\jackson\datatype\jackson-datatype-jdk8\2.18.1\jackson-datatype-jdk8-2.18.1.jar;C:\Users\JOHN\.m2\repository\com\fasterxml\jackson\datatype\jackson-datatype-jsr310\2.18.1\jackson-datatype-jsr310-2.18.1.jar;C:\Users\JOHN\.m2\repository\com\fasterxml\jackson\module\jackson-module-parameter-names\2.18.1\jackson-module-parameter-names-2.18.1.jar;C:\Users\JOHN\.m2\repository\org\springframework\boot\spring-boot-starter-tomcat\3.4.0\spring-boot-starter-tomcat-3.4.0.jar;C:\Users\JOHN\.m2\repository\org\apache\tomcat\embed\tomcat-embed-core\10.1.33\tomcat-embed-core-10.1.33.jar;C:\Users\JOHN\.m2\repository\org\apache\tomcat\embed\tomcat-embed-el\10.1.33\tomcat-embed-el-10.1.33.jar;C:\Users\JOHN\.m2\repository\org\apache\tomcat\embed\tomcat-embed-websocket\10.1.33\tomcat-embed-websocket-10.1.33.jar;C:\Users\JOHN\.m2\repository\org\springframework\spring-web\6.2.0\spring-web-6.2.0.jar;C:\Users\JOHN\.m2\repository\io\micrometer\micrometer-observation\1.14.1\micrometer-observation-1.14.1.jar;C:\Users\JOHN\.m2\repository\io\micrometer\micrometer-commons\1.14.1\micrometer-commons-1.14.1.jar;C:\Users\JOHN\.m2\repository\org\springframework\spring-webmvc\6.2.0\spring-webmvc-6.2.0.jar;C:\Users\JOHN\.m2\repository\org\springframework\spring-expression\6.2.0\spring-expression-6.2.0.jar;C:\Users\JOHN\.m2\repository\com\mysql\mysql-connector-j\9.1.0\mysql-connector-j-9.1.0.jar;C:\Users\JOHN\.m2\repository\org\projectlombok\lombok\1.18.36\lombok-1.18.36.jar;C:\Users\JOHN\.m2\repository\jakarta\xml\bind\jakarta.xml.bind-api\4.0.2\jakarta.xml.bind-api-4.0.2.jar;C:\Users\JOHN\.m2\repository\jakarta\activation\jakarta.activation-api\2.1.3\jakarta.activation-api-2.1.3.jar;C:\Users\JOHN\.m2\repository\org\springframework\spring-core\6.2.0\spring-core-6.2.0.jar;C:\Users\JOHN\.m2\repository\org\springframework\spring-jcl\6.2.0\spring-jcl-6.2.0.jar
Launcher Type: SUN_STANDARD

[Global flags]
     intx CICompilerCount                          = 3                                         {product} {ergonomic}
     uint ConcGCThreads                            = 1                                         {product} {ergonomic}
     uint G1ConcRefinementThreads                  = 4                                         {product} {ergonomic}
   size_t G1HeapRegionSize                         = 1048576                                   {product} {ergonomic}
    uintx GCDrainStackTargetSize                   = 64                                        {product} {ergonomic}
   size_t InitialHeapSize                          = 56623104                                  {product} {ergonomic}
   size_t MarkStackSize                            = 4194304                                   {product} {ergonomic}
   size_t MaxHeapSize                              = 903872512                                 {product} {ergonomic}
   size_t MaxNewSize                               = 542113792                                 {product} {ergonomic}
   size_t MinHeapDeltaBytes                        = 1048576                                   {product} {ergonomic}
   size_t MinHeapSize                              = 8388608                                   {product} {ergonomic}
    uintx NonNMethodCodeHeapSize                   = 5832780                                {pd product} {ergonomic}
    uintx NonProfiledCodeHeapSize                  = 122912730                              {pd product} {ergonomic}
    uintx ProfiledCodeHeapSize                     = 122912730                              {pd product} {ergonomic}
    uintx ReservedCodeCacheSize                    = 251658240                              {pd product} {ergonomic}
     bool SegmentedCodeCache                       = true                                      {product} {ergonomic}
   size_t SoftMaxHeapSize                          = 903872512                              {manageable} {ergonomic}
     bool UseCompressedOops                        = true                           {product lp64_product} {ergonomic}
     bool UseG1GC                                  = true                                      {product} {ergonomic}
     bool UseLargePagesIndividualAllocation        = false                                  {pd product} {ergonomic}

Logging:
Log output configuration:
 #0: stdout all=warning uptime,level,tags foldmultilines=false
 #1: stderr all=off uptime,level,tags foldmultilines=false

Environment Variables:
PATH=C:\Python312\Scripts\;C:\Python312\;C:\Program Files\Common Files\Oracle\Java\javapath;C:\Program Files (x86)\Common Files\Oracle\Java\javapath;C:\WINDOWS\system32;C:\WINDOWS;C:\WINDOWS\System32\Wbem;C:\WINDOWS\System32\WindowsPowerShell\v1.0\;C:\WINDOWS\System32\OpenSSH\;C:\Program Files\Git\cmd;C:\Program Files\Docker\Docker\resources\bin;C:\ProgramData\DockerDesktop\version-bin;C:\Program Files\nodejs\;C:\ProgramData\chocolatey\bin;C:\Program Files\dotnet\;C:\Program Files\Microsoft SQL Server\150\Tools\Binn\;C:\Program Files\Microsoft SQL Server\Client SDK\ODBC\170\Tools\Binn\;C:\Users\apache-maven-3.9.6\bin;C:\Ruby31-x64\bin;C:\Users\JOHN\AppData\Local\Microsoft\WindowsApps;C:\Program Files\heroku\bin;C:\Program Files\JetBrains\IntelliJ IDEA Community Edition 2023.2.4\bin;;C:\Users\JOHN\AppData\Roaming\npm;C:\Users\JOHN\.dotnet\tools;C:\Users\apache-maven-3.9.6\bin;C:\Users\JOHN\AppData\Local\Programs\Microsoft VS Code\bin
USERNAME=JOHN
OS=Windows_NT
PROCESSOR_IDENTIFIER=AMD64 Family 23 Model 96 Stepping 1, AuthenticAMD
TMP=C:\Users\JOHN\AppData\Local\Temp
TEMP=C:\Users\JOHN\AppData\Local\Temp




Periodic native trim disabled

---------------  S Y S T E M  ---------------

OS:
 Windows 11 , 64 bit Build 22621 (10.0.22621.4391)
OS uptime: 2 days 2:09 hours
Hyper-V role detected

CPU: total 4 (initial active 4) (4 cores per cpu, 1 threads per core) family 23 model 96 stepping 1 microcode 0x0, cx8, cmov, fxsr, mmx, 3dnowpref, sse, sse2, sse3, ssse3, sse4a, sse4.1, sse4.2, popcnt, lzcnt, tsc, tscinvbit, avx, avx2, aes, clmul, bmi1, bmi2, adx, sha, fma, vzeroupper, clflush, clflushopt, hv, rdtscp, rdpid, f16c
Processor Information for all 4 processors :
  Max Mhz: 2700, Current Mhz: 2700, Mhz Limit: 2700

Memory: 4k page, system-wide physical 3447M (206M free)
TotalPageFile size 14199M (AvailPageFile size 0M)
current process WorkingSet (physical memory assigned to process): 173M, peak: 173M
current process commit charge ("private bytes"): 205M, peak: 206M

vm_info: OpenJDK 64-Bit Server VM (21.0.1+12-29) for windows-amd64 JRE (21.0.1+12-29), built on 2023-10-05T13:27:09Z by "mach5one" with MS VC++ 17.1 (VS2022)

END.
